<?xml version="1.0" encoding="UTF-8"?>
<!-- Generated by org.testng.reporters.JUnitXMLReporter -->
<testsuite ignored="1" hostname="DESKTOP-CN9HF5L" failures="0" tests="4" name="Test1" time="32.247" errors="0" timestamp="2024-06-11T08:35:17 IST">
  <testcase classname="com.general_Utilities.Base_Test" name="@BeforeMethod loginToDWS" time="0.002">
    <failure type="java.lang.NullPointerException" message="Cannot invoke &amp;quot;com.aventstack.extentreports.ExtentReports.createTest(String)&amp;quot; because &amp;quot;this.report&amp;quot; is null">
      <![CDATA[java.lang.NullPointerException: Cannot invoke "com.aventstack.extentreports.ExtentReports.createTest(String)" because "this.report" is null
at com.general_Utilities.Base_Test.loginToDWS(Base_Test.java:74)
at java.base/java.util.ArrayList.forEach(ArrayList.java:1511)
... Removed 31 stack frames]]>
    </failure>
  </testcase> <!-- @BeforeMethod loginToDWS -->
  <testcase classname="com.general_Utilities.Base_Test" name="@AfterMethod logoutFromDWS" time="-1.718075097292E9">
    <skipped/>
  </testcase> <!-- @AfterMethod logoutFromDWS -->
  <testcase classname="com.general_Utilities.Base_Test" name="@AfterClass closeBrowser" time="-1.718075097328E9">
    <skipped/>
  </testcase> <!-- @AfterClass closeBrowser -->
  <testcase classname="com.general_Utilities.Base_Test" name="@BeforeMethod loginToDWS" time="0.001">
    <failure type="java.lang.NullPointerException" message="Cannot invoke &amp;quot;com.aventstack.extentreports.ExtentReports.createTest(String)&amp;quot; because &amp;quot;this.report&amp;quot; is null">
      <![CDATA[java.lang.NullPointerException: Cannot invoke "com.aventstack.extentreports.ExtentReports.createTest(String)" because "this.report" is null
at com.general_Utilities.Base_Test.loginToDWS(Base_Test.java:74)
at java.base/java.util.ArrayList.forEach(ArrayList.java:1511)
... Removed 31 stack frames]]>
    </failure>
  </testcase> <!-- @BeforeMethod loginToDWS -->
  <testcase classname="com.general_Utilities.Base_Test" name="@AfterMethod logoutFromDWS" time="-1.718075117323E9">
    <skipped/>
  </testcase> <!-- @AfterMethod logoutFromDWS -->
  <testcase classname="com.general_Utilities.Base_Test" name="@AfterClass closeBrowser" time="-1.718075117345E9">
    <skipped/>
  </testcase> <!-- @AfterClass closeBrowser -->
  <testcase classname="com.Test_Scripts.Address_Test" name="AddTheAddressTest" time="0.0">
    <skipped/>
  </testcase> <!-- AddTheAddressTest -->
  <testcase classname="com.Test_Scripts.Address_Test" name="removeAddressTest" time="0.0">
    <skipped/>
  </testcase> <!-- removeAddressTest -->
  <testcase classname="com.Test_Scripts.Cart_Test" name="addProductToCartTest" time="0.0">
    <skipped/>
  </testcase> <!-- addProductToCartTest -->
  <testcase classname="com.Test_Scripts.Cart_Test" name="removeProductFromTheCart" time="0.001">
    <skipped/>
  </testcase> <!-- removeProductFromTheCart -->
  <testcase classname="com.general_Utilities.Base_Test" name="@BeforeSuite configureReport" time="0.0">
    <ignored/>
  </testcase> <!-- @BeforeSuite configureReport -->
</testsuite> <!-- Test1 -->
